<?xml version="1.0" encoding="UTF-8"?>
<!-- Generated by org.testng.reporters.JUnitXMLReporter -->
<testsuite hostname="RND-71580351" ignored="1" name="Test" tests="1" failures="0" timestamp="17 Mar 2020 07:12:29 GMT" time="15.989" errors="0">
  <testcase name="TC01_StartBrowserandValidatePageTitle" time="3.768" classname="Validations.HomePageValidation"/>
  <testcase name="TC02_VerifyMainPage" time="0.0" classname="Validations.HomePageValidation">
    <ignored/>
  </testcase> <!-- TC02_VerifyMainPage -->
</testsuite> <!-- Test -->
