<?xml version="1.0" encoding="UTF-8"?>
<testng-results ignored="1" total="3" passed="1" failed="1" skipped="0">
  <reporter-output>
  </reporter-output>
  <suite started-at="2021-01-18T09:08:34 SGT" name="Default suite" finished-at="2021-01-18T09:08:49 SGT" duration-ms="14884">
    <groups>
    </groups>
    <test started-at="2021-01-18T09:08:34 SGT" name="Default test" finished-at="2021-01-18T09:08:49 SGT" duration-ms="14884">
      <class name="Validations.HomePageValidation">
        <test-method is-config="true" signature="setup()[pri:0, instance:Validations.HomePageValidation@39529185]" started-at="2021-01-18T09:08:34 SGT" name="setup" finished-at="2021-01-18T09:08:39 SGT" duration-ms="5286" status="PASS">
          <reporter-output>
          </reporter-output>
        </test-method> <!-- setup -->
        <test-method signature="TC02_Validate4dayforecast_dayaftertomorrowtempfromAPI()[pri:1, instance:Validations.HomePageValidation@39529185]" started-at="2021-01-18T09:08:39 SGT" name="TC02_Validate4dayforecast_dayaftertomorrowtempfromAPI" finished-at="2021-01-18T09:08:46 SGT" duration-ms="7142" status="FAIL">
          <exception class="org.json.JSONException">
            <message>
              <![CDATA[JSONObject["update_timestamp"] not found.]]>
            </message>
            <full-stacktrace>
              <![CDATA[org.json.JSONException: JSONObject["update_timestamp"] not found.
at org.json.JSONObject.get(JSONObject.java:573)
at org.json.JSONObject.getString(JSONObject.java:836)
at AutomationModules.APITest.RegistrationSuccessful(APITest.java:54)
at Validations.HomePageValidation.TC02_Validate4dayforecast_dayaftertomorrowtempfromAPI(HomePageValidation.java:63)
at java.base/jdk.internal.reflect.NativeMethodAccessorImpl.invoke0(Native Method)
at java.base/jdk.internal.reflect.NativeMethodAccessorImpl.invoke(NativeMethodAccessorImpl.java:62)
at java.base/jdk.internal.reflect.DelegatingMethodAccessorImpl.invoke(DelegatingMethodAccessorImpl.java:43)
at java.base/java.lang.reflect.Method.invoke(Method.java:567)
at org.testng.internal.MethodInvocationHelper.invokeMethod(MethodInvocationHelper.java:132)
at org.testng.internal.TestInvoker.invokeMethod(TestInvoker.java:599)
at org.testng.internal.TestInvoker.invokeTestMethod(TestInvoker.java:174)
at org.testng.internal.MethodRunner.runInSequence(MethodRunner.java:46)
at org.testng.internal.TestInvoker$MethodInvocationAgent.invoke(TestInvoker.java:822)
at org.testng.internal.TestInvoker.invokeTestMethods(TestInvoker.java:147)
at org.testng.internal.TestMethodWorker.invokeTestMethods(TestMethodWorker.java:146)
at org.testng.internal.TestMethodWorker.run(TestMethodWorker.java:128)
at java.base/java.util.ArrayList.forEach(ArrayList.java:1507)
at org.testng.TestRunner.privateRun(TestRunner.java:764)
at org.testng.TestRunner.run(TestRunner.java:585)
at org.testng.SuiteRunner.runTest(SuiteRunner.java:384)
at org.testng.SuiteRunner.runSequentially(SuiteRunner.java:378)
at org.testng.SuiteRunner.privateRun(SuiteRunner.java:337)
at org.testng.SuiteRunner.run(SuiteRunner.java:286)
at org.testng.SuiteRunnerWorker.runSuite(SuiteRunnerWorker.java:53)
at org.testng.SuiteRunnerWorker.run(SuiteRunnerWorker.java:96)
at org.testng.TestNG.runSuitesSequentially(TestNG.java:1218)
at org.testng.TestNG.runSuitesLocally(TestNG.java:1140)
at org.testng.TestNG.runSuites(TestNG.java:1069)
at org.testng.TestNG.run(TestNG.java:1037)
at org.testng.remote.AbstractRemoteTestNG.run(AbstractRemoteTestNG.java:115)
at org.testng.remote.RemoteTestNG.initAndRun(RemoteTestNG.java:251)
at org.testng.remote.RemoteTestNG.main(RemoteTestNG.java:77)
]]>
            </full-stacktrace>
          </exception> <!-- org.json.JSONException -->
          <reporter-output>
          </reporter-output>
        </test-method> <!-- TC02_Validate4dayforecast_dayaftertomorrowtempfromAPI -->
        <test-method signature="TC01_StartBrowserandValidatePageTitle()[pri:2, instance:Validations.HomePageValidation@39529185]" started-at="2021-01-18T09:08:46 SGT" name="TC01_StartBrowserandValidatePageTitle" finished-at="2021-01-18T09:08:48 SGT" duration-ms="1688" status="PASS">
          <reporter-output>
          </reporter-output>
        </test-method> <!-- TC01_StartBrowserandValidatePageTitle -->
        <test-method is-config="true" signature="CloseDriver()[pri:0, instance:Validations.HomePageValidation@39529185]" started-at="2021-01-18T09:08:48 SGT" name="CloseDriver" finished-at="2021-01-18T09:08:49 SGT" duration-ms="680" status="PASS">
          <reporter-output>
          </reporter-output>
        </test-method> <!-- CloseDriver -->
      </class> <!-- Validations.HomePageValidation -->
    </test> <!-- Default test -->
  </suite> <!-- Default suite -->
</testng-results>
